# JRE version: OpenJDK Runtime Environment Temurin-21.0.10+7 (21.0.10+7) (build 21.0.10+7-LTS)
# Java VM: OpenJDK 64-Bit Server VM Temurin-21.0.10+7 (21.0.10+7-LTS, mixed mode, sharing, tiered, compressed oops, compressed class ptrs, parallel gc, windows-amd64)
GC Precious Log:
 CardTable entry size: 512
 CPUs: 12 total, 12 available
 Memory: 7876M
 Large Page Support: Disabled
 NUMA Support: Disabled
 Compressed Oops: Enabled (32-bit)
 Alignments: Space 512K, Generation 512K, Heap 2M
 Heap Min Capacity: 100M
 Heap Initial Capacity: 100M
 Heap Max Capacity: 2G
 Pre-touch: Disabled
 Parallel Workers: 10
Heap:
 PSYoungGen      total 3072K, used 2663K [0x00000000d5580000, 0x00000000d5900000, 0x0000000100000000)
  eden space 2560K, 92% used [0x00000000d5580000,0x00000000d57d1f88,0x00000000d5800000)
  from space 512K, 56% used [0x00000000d5880000,0x00000000d58c8000,0x00000000d5900000)
  to   space 512K, 0% used [0x00000000d5800000,0x00000000d5800000,0x00000000d5880000)
 ParOldGen       total 452096K, used 451692K [0x0000000080000000, 0x000000009b980000, 0x00000000d5580000)
  object space 452096K, 99% used [0x0000000080000000,0x000000009b91b0d8,0x000000009b980000)
 Metaspace       used 70331K, committed 71872K, reserved 1114112K
  class space    used 7581K, committed 8256K, reserved 1048576K
GC Heap History (20 events):
Event: 171.750 GC heap after
{Heap after GC invocations=771 (full 3):
 PSYoungGen      total 2048K, used 320K [0x00000000d5580000, 0x00000000d5880000, 0x0000000100000000)
  eden space 1536K, 0% used [0x00000000d5580000,0x00000000d5580000,0x00000000d5700000)
  from space 512K, 62% used [0x00000000d5800000,0x00000000d5850000,0x00000000d5880000)
  to   space 512K, 0% used [0x00000000d5780000,0x00000000d5780000,0x00000000d5800000)
 ParOldGen       total 449536K, used 449084K [0x0000000080000000, 0x000000009b700000, 0x00000000d5580000)
  object space 449536K, 99% used [0x0000000080000000,0x000000009b68f2c0,0x000000009b700000)
 Metaspace       used 70331K, committed 71872K, reserved 1114112K
  class space    used 7581K, committed 8256K, reserved 1048576K
}
Event: 171.760 GC heap before
{Heap before GC invocations=772 (full 3):
 PSYoungGen      total 2048K, used 1856K [0x00000000d5580000, 0x00000000d5880000, 0x0000000100000000)
  eden space 1536K, 100% used [0x00000000d5580000,0x00000000d5700000,0x00000000d5700000)
  from space 512K, 62% used [0x00000000d5800000,0x00000000d5850000,0x00000000d5880000)
  to   space 512K, 0% used [0x00000000d5780000,0x00000000d5780000,0x00000000d5800000)
 ParOldGen       total 449536K, used 449084K [0x0000000080000000, 0x000000009b700000, 0x00000000d5580000)
  object space 449536K, 99% used [0x0000000080000000,0x000000009b68f2c0,0x000000009b700000)
 Metaspace       used 70331K, committed 71872K, reserved 1114112K
  class space    used 7581K, committed 8256K, reserved 1048576K
}
Event: 171.761 GC heap after
{Heap after GC invocations=772 (full 3):
 PSYoungGen      total 2048K, used 395K [0x00000000d5580000, 0x00000000d5880000, 0x0000000100000000)
  eden space 1536K, 0% used [0x00000000d5580000,0x00000000d5580000,0x00000000d5700000)
  from space 512K, 77% used [0x00000000d5780000,0x00000000d57e2c40,0x00000000d5800000)
  to   space 512K, 0% used [0x00000000d5800000,0x00000000d5800000,0x00000000d5880000)
 ParOldGen       total 449536K, used 449300K [0x0000000080000000, 0x000000009b700000, 0x00000000d5580000)
  object space 449536K, 99% used [0x0000000080000000,0x000000009b6c52c0,0x000000009b700000)
 Metaspace       used 70331K, committed 71872K, reserved 1114112K
  class space    used 7581K, committed 8256K, reserved 1048576K
}
Event: 171.770 GC heap before
{Heap before GC invocations=773 (full 3):
 PSYoungGen      total 2048K, used 1931K [0x00000000d5580000, 0x00000000d5880000, 0x0000000100000000)
  eden space 1536K, 100% used [0x00000000d5580000,0x00000000d5700000,0x00000000d5700000)
  from space 512K, 77% used [0x00000000d5780000,0x00000000d57e2c40,0x00000000d5800000)
  to   space 512K, 0% used [0x00000000d5800000,0x00000000d5800000,0x00000000d5880000)
 ParOldGen       total 449536K, used 449300K [0x0000000080000000, 0x000000009b700000, 0x00000000d5580000)
  object space 449536K, 99% used [0x0000000080000000,0x000000009b6c52c0,0x000000009b700000)
 Metaspace       used 70331K, committed 71872K, reserved 1114112K
  class space    used 7581K, committed 8256K, reserved 1048576K
}
Event: 171.773 GC heap after
{Heap after GC invocations=773 (full 3):
 PSYoungGen      total 2048K, used 440K [0x00000000d5580000, 0x00000000d5880000, 0x0000000100000000)
  eden space 1536K, 0% used [0x00000000d5580000,0x00000000d5580000,0x00000000d5700000)
  from space 512K, 85% used [0x00000000d5800000,0x00000000d586e108,0x00000000d5880000)
  to   space 512K, 0% used [0x00000000d5780000,0x00000000d5780000,0x00000000d5800000)
 ParOldGen       total 450048K, used 449564K [0x0000000080000000, 0x000000009b780000, 0x00000000d5580000)
  object space 450048K, 99% used [0x0000000080000000,0x000000009b7072c0,0x000000009b780000)
 Metaspace       used 70331K, committed 71872K, reserved 1114112K
  class space    used 7581K, committed 8256K, reserved 1048576K
}
Event: 171.781 GC heap before
{Heap before GC invocations=774 (full 3):
 PSYoungGen      total 2048K, used 1976K [0x00000000d5580000, 0x00000000d5880000, 0x0000000100000000)
  eden space 1536K, 100% used [0x00000000d5580000,0x00000000d5700000,0x00000000d5700000)
  from space 512K, 85% used [0x00000000d5800000,0x00000000d586e108,0x00000000d5880000)
  to   space 512K, 0% used [0x00000000d5780000,0x00000000d5780000,0x00000000d5800000)
 ParOldGen       total 450048K, used 449564K [0x0000000080000000, 0x000000009b780000, 0x00000000d5580000)
  object space 450048K, 99% used [0x0000000080000000,0x000000009b7072c0,0x000000009b780000)
 Metaspace       used 70331K, committed 71872K, reserved 1114112K
  class space    used 7581K, committed 8256K, reserved 1048576K
}
Event: 171.782 GC heap after
{Heap after GC invocations=774 (full 3):
 PSYoungGen      total 2048K, used 320K [0x00000000d5580000, 0x00000000d5880000, 0x0000000100000000)
  eden space 1536K, 0% used [0x00000000d5580000,0x00000000d5580000,0x00000000d5700000)
  from space 512K, 62% used [0x00000000d5780000,0x00000000d57d0000,0x00000000d5800000)
  to   space 512K, 0% used [0x00000000d5800000,0x00000000d5800000,0x00000000d5880000)
 ParOldGen       total 450048K, used 449772K [0x0000000080000000, 0x000000009b780000, 0x00000000d5580000)
  object space 450048K, 99% used [0x0000000080000000,0x000000009b73b2c0,0x000000009b780000)
 Metaspace       used 70331K, committed 71872K, reserved 1114112K
  class space    used 7581K, committed 8256K, reserved 1048576K
}
Event: 171.792 GC heap before
{Heap before GC invocations=775 (full 3):
 PSYoungGen      total 2048K, used 1856K [0x00000000d5580000, 0x00000000d5880000, 0x0000000100000000)
  eden space 1536K, 100% used [0x00000000d5580000,0x00000000d5700000,0x00000000d5700000)
  from space 512K, 62% used [0x00000000d5780000,0x00000000d57d0000,0x00000000d5800000)
  to   space 512K, 0% used [0x00000000d5800000,0x00000000d5800000,0x00000000d5880000)
 ParOldGen       total 450048K, used 449772K [0x0000000080000000, 0x000000009b780000, 0x00000000d5580000)
  object space 450048K, 99% used [0x0000000080000000,0x000000009b73b2c0,0x000000009b780000)
 Metaspace       used 70331K, committed 71872K, reserved 1114112K
  class space    used 7581K, committed 8256K, reserved 1048576K
}
Event: 171.794 GC heap after
{Heap after GC invocations=775 (full 3):
 PSYoungGen      total 2048K, used 288K [0x00000000d5580000, 0x00000000d5880000, 0x0000000100000000)
  eden space 1536K, 0% used [0x00000000d5580000,0x00000000d5580000,0x00000000d5700000)
  from space 512K, 56% used [0x00000000d5800000,0x00000000d5848000,0x00000000d5880000)
  to   space 512K, 0% used [0x00000000d5780000,0x00000000d5780000,0x00000000d5800000)
 ParOldGen       total 450048K, used 449972K [0x0000000080000000, 0x000000009b780000, 0x00000000d5580000)
  object space 450048K, 99% used [0x0000000080000000,0x000000009b76d2c0,0x000000009b780000)
 Metaspace       used 70331K, committed 71872K, reserved 1114112K
  class space    used 7581K, committed 8256K, reserved 1048576K
}
Event: 171.802 GC heap before
{Heap before GC invocations=776 (full 3):
 PSYoungGen      total 2048K, used 1824K [0x00000000d5580000, 0x00000000d5880000, 0x0000000100000000)
  eden space 1536K, 100% used [0x00000000d5580000,0x00000000d5700000,0x00000000d5700000)
  from space 512K, 56% used [0x00000000d5800000,0x00000000d5848000,0x00000000d5880000)
  to   space 512K, 0% used [0x00000000d5780000,0x00000000d5780000,0x00000000d5800000)
 ParOldGen       total 450048K, used 449972K [0x0000000080000000, 0x000000009b780000, 0x00000000d5580000)
  object space 450048K, 99% used [0x0000000080000000,0x000000009b76d2c0,0x000000009b780000)
 Metaspace       used 70331K, committed 71872K, reserved 1114112K
  class space    used 7581K, committed 8256K, reserved 1048576K
}
Event: 171.804 GC heap after
{Heap after GC invocations=776 (full 3):
 PSYoungGen      total 2048K, used 320K [0x00000000d5580000, 0x00000000d5880000, 0x0000000100000000)
  eden space 1536K, 0% used [0x00000000d5580000,0x00000000d5580000,0x00000000d5700000)
  from space 512K, 62% used [0x00000000d5780000,0x00000000d57d0000,0x00000000d5800000)
  to   space 512K, 0% used [0x00000000d5800000,0x00000000d5800000,0x00000000d5880000)
 ParOldGen       total 450560K, used 450156K [0x0000000080000000, 0x000000009b800000, 0x00000000d5580000)
  object space 450560K, 99% used [0x0000000080000000,0x000000009b79b2c0,0x000000009b800000)
 Metaspace       used 70331K, committed 71872K, reserved 1114112K
  class space    used 7581K, committed 8256K, reserved 1048576K
}
Event: 171.814 GC heap before
{Heap before GC invocations=777 (full 3):
 PSYoungGen      total 2048K, used 1855K [0x00000000d5580000, 0x00000000d5880000, 0x0000000100000000)
  eden space 1536K, 99% used [0x00000000d5580000,0x00000000d56ffc00,0x00000000d5700000)
  from space 512K, 62% used [0x00000000d5780000,0x00000000d57d0000,0x00000000d5800000)
  to   space 512K, 0% used [0x00000000d5800000,0x00000000d5800000,0x00000000d5880000)
 ParOldGen       total 450560K, used 450156K [0x0000000080000000, 0x000000009b800000, 0x00000000d5580000)
  object space 450560K, 99% used [0x0000000080000000,0x000000009b79b2c0,0x000000009b800000)
 Metaspace       used 70331K, committed 71872K, reserved 1114112K
  class space    used 7581K, committed 8256K, reserved 1048576K
}
Event: 171.815 GC heap after
{Heap after GC invocations=777 (full 3):
 PSYoungGen      total 2048K, used 352K [0x00000000d5580000, 0x00000000d5880000, 0x0000000100000000)
  eden space 1536K, 0% used [0x00000000d5580000,0x00000000d5580000,0x00000000d5700000)
  from space 512K, 68% used [0x00000000d5800000,0x00000000d5858000,0x00000000d5880000)
  to   space 512K, 0% used [0x00000000d5780000,0x00000000d5780000,0x00000000d5800000)
 ParOldGen       total 450560K, used 450356K [0x0000000080000000, 0x000000009b800000, 0x00000000d5580000)
  object space 450560K, 99% used [0x0000000080000000,0x000000009b7cd2c0,0x000000009b800000)
 Metaspace       used 70331K, committed 71872K, reserved 1114112K
  class space    used 7581K, committed 8256K, reserved 1048576K
}
Event: 171.822 GC heap before
{Heap before GC invocations=778 (full 3):
 PSYoungGen      total 2048K, used 1878K [0x00000000d5580000, 0x00000000d5880000, 0x0000000100000000)
  eden space 1536K, 99% used [0x00000000d5580000,0x00000000d56fdbf0,0x00000000d5700000)
  from space 512K, 68% used [0x00000000d5800000,0x00000000d5858000,0x00000000d5880000)
  to   space 512K, 0% used [0x00000000d5780000,0x00000000d5780000,0x00000000d5800000)
 ParOldGen       total 450560K, used 450356K [0x0000000080000000, 0x000000009b800000, 0x00000000d5580000)
  object space 450560K, 99% used [0x0000000080000000,0x000000009b7cd2c0,0x000000009b800000)
 Metaspace       used 70331K, committed 71872K, reserved 1114112K
  class space    used 7581K, committed 8256K, reserved 1048576K
}
Event: 171.825 GC heap after
{Heap after GC invocations=778 (full 3):
 PSYoungGen      total 2048K, used 320K [0x00000000d5580000, 0x00000000d5880000, 0x0000000100000000)
  eden space 1536K, 0% used [0x00000000d5580000,0x00000000d5580000,0x00000000d5700000)
  from space 512K, 62% used [0x00000000d5780000,0x00000000d57d0000,0x00000000d5800000)
  to   space 512K, 0% used [0x00000000d5800000,0x00000000d5800000,0x00000000d5880000)
 ParOldGen       total 451072K, used 450572K [0x0000000080000000, 0x000000009b880000, 0x00000000d5580000)
  object space 451072K, 99% used [0x0000000080000000,0x000000009b8032c0,0x000000009b880000)
 Metaspace       used 70331K, committed 71872K, reserved 1114112K
  class space    used 7581K, committed 8256K, reserved 1048576K
}
Event: 171.832 GC heap before
{Heap before GC invocations=779 (full 3):
 PSYoungGen      total 2048K, used 1856K [0x00000000d5580000, 0x00000000d5880000, 0x0000000100000000)
  eden space 1536K, 100% used [0x00000000d5580000,0x00000000d5700000,0x00000000d5700000)
  from space 512K, 62% used [0x00000000d5780000,0x00000000d57d0000,0x00000000d5800000)
  to   space 512K, 0% used [0x00000000d5800000,0x00000000d5800000,0x00000000d5880000)
 ParOldGen       total 451072K, used 450572K [0x0000000080000000, 0x000000009b880000, 0x00000000d5580000)
  object space 451072K, 99% used [0x0000000080000000,0x000000009b8032c0,0x000000009b880000)
 Metaspace       used 70331K, committed 71872K, reserved 1114112K
  class space    used 7581K, committed 8256K, reserved 1048576K
}
Event: 171.834 GC heap after
{Heap after GC invocations=779 (full 3):
 PSYoungGen      total 2048K, used 320K [0x00000000d5580000, 0x00000000d5880000, 0x0000000100000000)
  eden space 1536K, 0% used [0x00000000d5580000,0x00000000d5580000,0x00000000d5700000)
  from space 512K, 62% used [0x00000000d5800000,0x00000000d5850000,0x00000000d5880000)
  to   space 512K, 0% used [0x00000000d5780000,0x00000000d5780000,0x00000000d5800000)
 ParOldGen       total 451072K, used 450772K [0x0000000080000000, 0x000000009b880000, 0x00000000d5580000)
  object space 451072K, 99% used [0x0000000080000000,0x000000009b8352c0,0x000000009b880000)
 Metaspace       used 70331K, committed 71872K, reserved 1114112K
  class space    used 7581K, committed 8256K, reserved 1048576K
}
Event: 171.843 GC heap before
{Heap before GC invocations=780 (full 3):
 PSYoungGen      total 2048K, used 1849K [0x00000000d5580000, 0x00000000d5880000, 0x0000000100000000)
  eden space 1536K, 99% used [0x00000000d5580000,0x00000000d56fe628,0x00000000d5700000)
  from space 512K, 62% used [0x00000000d5800000,0x00000000d5850000,0x00000000d5880000)
  to   space 512K, 0% used [0x00000000d5780000,0x00000000d5780000,0x00000000d5800000)
 ParOldGen       total 451072K, used 450772K [0x0000000080000000, 0x000000009b880000, 0x00000000d5580000)
  object space 451072K, 99% used [0x0000000080000000,0x000000009b8352c0,0x000000009b880000)
 Metaspace       used 70331K, committed 71872K, reserved 1114112K
  class space    used 7581K, committed 8256K, reserved 1048576K
}
Event: 171.844 GC heap after
{Heap after GC invocations=780 (full 3):
 PSYoungGen      total 2048K, used 352K [0x00000000d5580000, 0x00000000d5880000, 0x0000000100000000)
  eden space 1536K, 0% used [0x00000000d5580000,0x00000000d5580000,0x00000000d5700000)
  from space 512K, 68% used [0x00000000d5780000,0x00000000d57d8000,0x00000000d5800000)
  to   space 512K, 0% used [0x00000000d5800000,0x00000000d5800000,0x00000000d5880000)
 ParOldGen       total 451072K, used 451039K [0x0000000080000000, 0x000000009b880000, 0x00000000d5580000)
  object space 451072K, 99% used [0x0000000080000000,0x000000009b877ed0,0x000000009b880000)
 Metaspace       used 70331K, committed 71872K, reserved 1114112K
  class space    used 7581K, committed 8256K, reserved 1048576K
}
Event: 171.853 GC heap before
{Heap before GC invocations=781 (full 3):
 PSYoungGen      total 2048K, used 1888K [0x00000000d5580000, 0x00000000d5880000, 0x0000000100000000)
  eden space 1536K, 100% used [0x00000000d5580000,0x00000000d5700000,0x00000000d5700000)
  from space 512K, 68% used [0x00000000d5780000,0x00000000d57d8000,0x00000000d5800000)
  to   space 512K, 0% used [0x00000000d5800000,0x00000000d5800000,0x00000000d5880000)
 ParOldGen       total 451072K, used 451039K [0x0000000080000000, 0x000000009b880000, 0x00000000d5580000)
  object space 451072K, 99% used [0x0000000080000000,0x000000009b877ed0,0x000000009b880000)
 Metaspace       used 70331K, committed 71872K, reserved 1114112K
  class space    used 7581K, committed 8256K, reserved 1048576K
}

